E:\cona\envs\pytorch_gpu\python.exe E:\FileRecv\code\DSD\model_lstm.py 
data load finish
data load finish
Epoch:  0Evaluation - acc: 88.1081
Epoch:  1Evaluation - acc: 93.1532
Epoch:  2Evaluation - acc: 94.8198
Epoch:  3Evaluation - acc: 95.7207
Epoch:  4Evaluation - acc: 96.2162
Epoch:  5Evaluation - acc: 96.5315
Epoch:  6Evaluation - acc: 96.8919
Epoch:  7Evaluation - acc: 96.6667
Epoch:  8Evaluation - acc: 96.8018
Epoch:  9Evaluation - acc: 96.9369
Epoch: 10Evaluation - acc: 96.8919
Epoch: 11Evaluation - acc: 97.1171
Epoch: 12Evaluation - acc: 97.1171
Epoch: 13Evaluation - acc: 97.1171
Epoch: 14Evaluation - acc: 97.2523
Epoch: 15Evaluation - acc: 97.7477
Epoch: 16Evaluation - acc: 97.7027
Epoch: 17Evaluation - acc: 97.6577
Epoch: 18Evaluation - acc: 98.1532
Epoch: 19Evaluation - acc: 97.6577
Epoch: 20Evaluation - acc: 97.7477
Epoch: 21Evaluation - acc: 96.9820
Epoch: 22Evaluation - acc: 97.8378
Epoch: 23Evaluation - acc: 97.5225
Epoch: 24Evaluation - acc: 97.3874
Epoch: 25Evaluation - acc: 97.8829
Epoch: 26Evaluation - acc: 97.5225
Epoch: 27Evaluation - acc: 97.7477
Epoch: 28Evaluation - acc: 97.2072
Epoch: 29Evaluation - acc: 97.5676
Epoch: 30Evaluation - acc: 96.7117
Epoch: 31Evaluation - acc: 97.8829
Epoch: 32Evaluation - acc: 97.2072
Epoch: 33Evaluation - acc: 97.0270
Epoch: 34Evaluation - acc: 97.8378
Epoch: 35Evaluation - acc: 97.6577
Epoch: 36Evaluation - acc: 97.5225
Epoch: 37Evaluation - acc: 98.2883
Epoch: 38Evaluation - acc: 98.0180
Epoch: 39Evaluation - acc: 97.7928
Epoch: 40Evaluation - acc: 97.8378
Epoch: 41Evaluation - acc: 97.5676
Epoch: 42Evaluation - acc: 97.7027
Epoch: 43Evaluation - acc: 97.4775
Epoch: 44Evaluation - acc: 97.0721
Epoch: 45Evaluation - acc: 97.1622
Epoch: 46Evaluation - acc: 96.7568
Epoch: 47Evaluation - acc: 97.5225
Epoch: 48Evaluation - acc: 97.4775
Epoch: 49Evaluation - acc: 97.1171
Epoch: 50Evaluation - acc: 97.7027
Epoch: 51Evaluation - acc: 97.5225
Epoch: 52Evaluation - acc: 96.4865
Epoch: 53Evaluation - acc: 97.3874
Epoch: 54Evaluation - acc: 97.0270
Epoch: 55Evaluation - acc: 97.4775
Epoch: 56Evaluation - acc: 97.6126
Epoch: 57Evaluation - acc: 97.3423
Epoch: 58Evaluation - acc: 97.4775
Epoch: 59Evaluation - acc: 97.3874
Epoch: 60Evaluation - acc: 97.7027
Epoch: 61Evaluation - acc: 97.7928
Epoch: 62Evaluation - acc: 97.8378
Epoch: 63Evaluation - acc: 97.4775
Epoch: 64Evaluation - acc: 97.7928
Epoch: 65Evaluation - acc: 97.8829
Epoch: 66Evaluation - acc: 98.2432
Epoch: 67Evaluation - acc: 97.8378
Epoch: 68Evaluation - acc: 98.0180
Epoch: 69Evaluation - acc: 97.8378
Epoch: 70Evaluation - acc: 97.9279
Epoch: 71Evaluation - acc: 97.2973
Epoch: 72Evaluation - acc: 96.2613
Epoch: 73Evaluation - acc: 97.4775
Epoch: 74Evaluation - acc: 97.4775
Epoch: 75Evaluation - acc: 96.8018
Epoch: 76Evaluation - acc: 97.6577
Epoch: 77Evaluation - acc: 97.7928
Epoch: 78Evaluation - acc: 97.3874
Epoch: 79Evaluation - acc: 97.7928
Epoch: 80Evaluation - acc: 98.0631
Epoch: 81Evaluation - acc: 97.4324
Epoch: 82Evaluation - acc: 97.1171
Epoch: 83Evaluation - acc: 97.9279
Epoch: 84Evaluation - acc: 97.7928
Epoch: 85Evaluation - acc: 97.8378
Epoch: 86Evaluation - acc: 97.6577
Epoch: 87Evaluation - acc: 98.0631
Epoch: 88Evaluation - acc: 98.1982
Epoch: 89Evaluation - acc: 97.8829
Epoch: 90Evaluation - acc: 98.2883
Epoch: 91Evaluation - acc: 98.0631
Epoch: 92Evaluation - acc: 98.3784
Epoch: 93Evaluation - acc: 97.8829
Epoch: 94Evaluation - acc: 97.6126
Epoch: 95Evaluation - acc: 98.6036
Epoch: 96Evaluation - acc: 98.0631
Epoch: 97Evaluation - acc: 97.9730
Epoch: 98Evaluation - acc: 97.3423
Epoch: 99Evaluation - acc: 98.0631
tensor(98.0631, device='cuda:0')